14:54:00.853  |  [main]  |  INFO   |  org.hibernate.orm.connections.pooling                         |  HHH10001005: Database info:
	Database JDBC URL [Connecting through datasource 'HikariDataSource (HikariPool-1)']
	Database driver: undefined/unknown
	Database version: 2.3.232
	Autocommit mode: undefined/unknown
	Isolation level: undefined/unknown
	Minimum pool size: undefined/unknown
	Maximum pool size: undefined/unknown
14:54:03.102  |  [main]  |  INFO   |  o.h.e.transaction.jta.platform.internal.JtaPlatformInitiator  |  HHH000489: No JTA platform available (set 'hibernate.transaction.jta.platform' to enable JTA platform integration)
14:54:03.223  |  [main]  |  INFO   |  o.s.orm.jpa.LocalContainerEntityManagerFactoryBean            |  Initialized JPA EntityManagerFactory for persistence unit 'default'
14:54:04.028  |  [main]  |  WARN   |  o.s.b.a.orm.jpa.JpaBaseConfiguration$JpaWebConfiguration      |  spring.jpa.open-in-view is enabled by default. Therefore, database queries may be performed during view rendering. Explicitly configure spring.jpa.open-in-view to disable this warning
14:54:04.101  |  [main]  |  INFO   |  o.s.validation.beanvalidation.OptionalValidatorFactoryBean    |  Failed to set up a Bean Validation provider: jakarta.validation.NoProviderFoundException: Unable to create a Configuration, because no Jakarta Bean Validation provider could be found. Add a provider like Hibernate Validator (RI) to your classpath.
14:54:04.644  |  [main]  |  INFO   |  o.s.boot.autoconfigure.h2.H2ConsoleAutoConfiguration          |  H2 console available at '/h2-console'. Database available at 'jdbc:h2:mem:testdb'
14:54:04.851  |  [main]  |  INFO   |  o.springframework.boot.web.embedded.tomcat.TomcatWebServer    |  Tomcat started on port 8080 (http) with context path '/'
14:54:04.884  |  [main]  |  INFO   |  com.gkfcsolution.shoppingcart.ShoppingCartApplication         |  Started ShoppingCartApplication in 9.346 seconds (process running for 11.087)
14:54:04.893  |  [SpringApplicationShutdownHook]  |  INFO   |  o.springframework.boot.web.embedded.tomcat.GracefulShutdown   |  Commencing graceful shutdown. Waiting for active requests to complete
14:54:04.919  |  [tomcat-shutdown]  |  INFO   |  o.springframework.boot.web.embedded.tomcat.GracefulShutdown   |  Graceful shutdown complete
14:54:04.929  |  [SpringApplicationShutdownHook]  |  INFO   |  o.s.orm.jpa.LocalContainerEntityManagerFactoryBean            |  Closing JPA EntityManagerFactory for persistence unit 'default'
14:54:04.933  |  [SpringApplicationShutdownHook]  |  INFO   |  com.zaxxer.hikari.HikariDataSource                            |  HikariPool-1 - Shutdown initiated...
14:54:04.942  |  [SpringApplicationShutdownHook]  |  INFO   |  com.zaxxer.hikari.HikariDataSource                            |  HikariPool-1 - Shutdown completed.
